<?xml version="1.0" encoding="UTF-8"?>
<!-- Generated by org.testng.reporters.JUnitXMLReporter -->
<testsuite ignored="0" hostname="LAPTOP-FDUTCRQG" failures="0" tests="3" name="Default test" time="3.341" errors="0" timestamp="2023-11-15T13:01:01 IST">
  <testcase classname="com.sportyshoe.Tests.OrderpageTest" name="test_login" time="0.38"/>
  <testcase classname="com.sportyshoe.Tests.OrderpageTest" name="test_click_orders" time="0.094"/>
  <testcase classname="com.sportyshoe.Tests.OrderpageTest" name="test_getTitle_page" time="0.008"/>
</testsuite> <!-- Default test -->
